<?xml version="1.0" encoding="UTF-8"?>
<!-- Generated by org.testng.reporters.JUnitReportReporter -->
<testsuite skipped="0" hostname="DesaiGroup" name="com.Javapractice.MultipleTabs" tests="1" failures="0" timestamp="23 Aug 2019 15:28:58 GMT" time="0.247" errors="0">
  <testcase name="openTab" time="0.247" classname="com.Javapractice.MultipleTabs"/>
</testsuite> <!-- com.Javapractice.MultipleTabs -->
