<?xml version="1.0" encoding="UTF-8"?>
<!-- Generated by org.testng.reporters.JUnitReportReporter -->
<testsuite skipped="0" hostname="DesaiGroup" name="com.Javapractice.dynamic_table" tests="1" failures="0" timestamp="17 Aug 2019 20:42:08 GMT" time="0.455" errors="0">
  <testcase name="Handle_Dynamic_Webtable" time="0.455" classname="com.Javapractice.dynamic_table"/>
</testsuite> <!-- com.Javapractice.dynamic_table -->
